0 info it worked if it ends with ok
1 verbose cli [ 'C:\\Program Files\\nodejs\\node.exe',
1 verbose cli   'C:\\Program Files\\nodejs\\node_modules\\npm\\bin\\npm-cli.js',
1 verbose cli   'run',
1 verbose cli   'production' ]
2 info using npm@3.10.3
3 info using node@v6.5.0
4 verbose run-script [ 'preproduction', 'production', 'postproduction' ]
5 info lifecycle webpack-config@1.0.0~preproduction: webpack-config@1.0.0
6 silly lifecycle webpack-config@1.0.0~preproduction: no script for preproduction, continuing
7 info lifecycle webpack-config@1.0.0~production: webpack-config@1.0.0
8 verbose lifecycle webpack-config@1.0.0~production: unsafe-perm in lifecycle true
9 verbose lifecycle webpack-config@1.0.0~production: PATH: C:\Program Files\nodejs\node_modules\npm\bin\node-gyp-bin;C:\~Developer\Wordpress\wamp64\www\wordpress\wp-content\themes\dashesv3\node_modules\.bin;C:\Program Files\nodejs;C:\Users\Brian\bin;C:\Program Files\Git\mingw64\bin;C:\Program Files\Git\usr\local\bin;C:\Program Files\Git\usr\bin;C:\Program Files\Git\usr\bin;C:\Program Files\Git\mingw64\bin;C:\Program Files\Git\usr\bin;C:\Users\Brian\bin;C:\tools\ruby23\bin;C:\WINDOWS\system32;C:\WINDOWS;C:\WINDOWS\System32\Wbem;C:\WINDOWS\System32\WindowsPowerShell\v1.0;C:\ProgramData\chocolatey\bin;C:\Program Files\Git\cmd;C:\Program Files\nodejs;C:\Program Files (x86)\NVIDIA Corporation\PhysX\Common;%SystemRoot%\system32;%SystemRoot%;%SystemRoot%\System32\Wbem;%SYSTEMROOT%\System32\WindowsPowerShell\v1.0;C:\Users\Brian\AppData\Roaming\npm;C:\Users\Brian\AppData\Local\Microsoft\WindowsApps;C:\Program Files\Git\usr\bin\vendor_perl;C:\Program Files\Git\usr\bin\core_perl
10 verbose lifecycle webpack-config@1.0.0~production: CWD: C:\~Developer\Wordpress\wamp64\www\wordpress\wp-content\themes\dashesv3
11 silly lifecycle webpack-config@1.0.0~production: Args: [ '/d /s /c', 'NODE_ENV=production webpack -p' ]
12 silly lifecycle webpack-config@1.0.0~production: Returned: code: 1  signal: null
13 info lifecycle webpack-config@1.0.0~production: Failed to exec production script
14 verbose stack Error: webpack-config@1.0.0 production: `NODE_ENV=production webpack -p`
14 verbose stack Exit status 1
14 verbose stack     at EventEmitter.<anonymous> (C:\Program Files\nodejs\node_modules\npm\lib\utils\lifecycle.js:242:16)
14 verbose stack     at emitTwo (events.js:106:13)
14 verbose stack     at EventEmitter.emit (events.js:191:7)
14 verbose stack     at ChildProcess.<anonymous> (C:\Program Files\nodejs\node_modules\npm\lib\utils\spawn.js:40:14)
14 verbose stack     at emitTwo (events.js:106:13)
14 verbose stack     at ChildProcess.emit (events.js:191:7)
14 verbose stack     at maybeClose (internal/child_process.js:877:16)
14 verbose stack     at Process.ChildProcess._handle.onexit (internal/child_process.js:226:5)
15 verbose pkgid webpack-config@1.0.0
16 verbose cwd C:\~Developer\Wordpress\wamp64\www\wordpress\wp-content\themes\dashesv3
17 error Windows_NT 10.0.14393
18 error argv "C:\\Program Files\\nodejs\\node.exe" "C:\\Program Files\\nodejs\\node_modules\\npm\\bin\\npm-cli.js" "run" "production"
19 error node v6.5.0
20 error npm  v3.10.3
21 error code ELIFECYCLE
22 error webpack-config@1.0.0 production: `NODE_ENV=production webpack -p`
22 error Exit status 1
23 error Failed at the webpack-config@1.0.0 production script 'NODE_ENV=production webpack -p'.
23 error Make sure you have the latest version of node.js and npm installed.
23 error If you do, this is most likely a problem with the webpack-config package,
23 error not with npm itself.
23 error Tell the author that this fails on your system:
23 error     NODE_ENV=production webpack -p
23 error You can get information on how to open an issue for this project with:
23 error     npm bugs webpack-config
23 error Or if that isn't available, you can get their info via:
23 error     npm owner ls webpack-config
23 error There is likely additional logging output above.
24 verbose exit [ 1, true ]
